<?xml version="1.0" encoding="UTF-8"?>
<!-- Generated by org.testng.reporters.JUnitXMLReporter -->
<testsuite ignored="0" hostname="Win10-1909v2" failures="0" tests="5" name="Test" time="21.947" errors="0" timestamp="2022-06-10T09:21:41 ICT">
  <testcase classname="com.gs.nguyen.TestAlert" name="TestCancel" time="0.95"/>
  <testcase classname="com.gs.nguyen.TestAlert" name="TestOk" time="0.142"/>
  <testcase classname="com.gs.nguyen.TestAlert" name="testTextAlert" time="0.074"/>
  <testcase classname="com.gs.nguyen.TestFirefox" name="titleGalaxy" time="0.011"/>
  <testcase classname="com.gs.nguyen.NewTest" name="TestUser" time="9.874"/>
</testsuite> <!-- Test -->
